scripts/kconfig/conf -s Config.in
#
# using defaults found in .config
#
  SPLIT   include/autoconf.h -> include/config/*
  GEN     include/bbconfigopts.h
  GEN     include/common_bufsiz.h
  GEN     include/embedded_scripts.h
  HOSTCC  applets/usage
  HOSTCC  applets/applet_tables
  GEN     include/usage_compressed.h
  GEN     include/applet_tables.h include/NUM_APPLETS.h
  GEN     include/applet_tables.h include/NUM_APPLETS.h
  HOSTCC  applets/usage_pod
  CC      applets/applets.o
  LD      applets/built-in.o
ld: warning: -s is obsolete
ld: warning: -s is obsolete
ld: warning: option -s is obsolete and being ignored
ld: warning: option -s is obsolete and being ignored
  DOC     busybox.pod
  CC      archival/bbunzip.o
  CC      archival/chksum_and_xwrite_tar_header.o
  CC      archival/bzip2.o
  CC      archival/cpio.o
  LD      archival/built-in.o
  CC      archival/dpkg.o
  CC      archival/dpkg_deb.o
  CC      archival/gzip.o
  LD      archival/libarchive/built-in.o
ar: no archive members specified
usage:  ar -d [-TLsv] archive file ...
	ar -m [-TLsv] archive file ...
	ar -m [-abiTLsv] position archive file ...
	ar -p [-TLsv] archive [file ...]
	ar -q [-cTLsv] archive file ...
	ar -r [-cuTLsv] archive file ...
	ar -r [-abciuTLsv] position archive file ...
	ar -t [-TLsv] archive [file ...]
	ar -x [-ouTLsv] archive [file ...]
make[1]: *** [archival/built-in.o] Error 1
make[1]: *** Waiting for unfinished jobs....
ar: no archive members specified
usage:  ar -d [-TLsv] archive file ...
	ar -m [-TLsv] archive file ...
	ar -m [-abiTLsv] position archive file ...
	ar -p [-TLsv] archive [file ...]
	ar -q [-cTLsv] archive file ...
	ar -r [-cuTLsv] archive file ...
	ar -r [-abciuTLsv] position archive file ...
	ar -t [-TLsv] archive [file ...]
	ar -x [-ouTLsv] archive [file ...]
make[1]: *** [archival/libarchive/built-in.o] Error 1
make: *** [archival/libarchive] Error 2
make: *** Waiting for unfinished jobs....
  LD      console-tools/built-in.o
  CC      console-tools/chvt.o
archival/bbunzip.c:335:30: warning: adding 'int' to a string does not append to the string [-Wstring-plus-int]
  335 |         if (strcmp(extension, "tgz" + 1) == 0
      |                               ~~~~~~^~~
archival/bbunzip.c:335:30: note: use array indexing to silence this warning
  335 |         if (strcmp(extension, "tgz" + 1) == 0
      |                                     ^  
      |                               &     [  ]
ar: no archive members specified
usage:  ar -d [-TLsv] archive file ...
	ar -m [-TLsv] archive file ...
	ar -m [-abiTLsv] position archive file ...
	ar -p [-TLsv] archive [file ...]
	ar -q [-cTLsv] archive file ...
	ar -r [-cuTLsv] archive file ...
	ar -r [-abciuTLsv] position archive file ...
	ar -t [-TLsv] archive [file ...]
	ar -x [-ouTLsv] archive [file ...]
make[1]: *** [console-tools/built-in.o] Error 1
make[1]: *** Waiting for unfinished jobs....
1 warning generated.
make: *** [console-tools] Error 2
make: *** [archival] Error 2
